============================= test session starts ==============================
platform darwin -- Python 3.12.13, pytest-9.0.2, pluggy-1.6.0 -- /Users/yashrajpandey/Projects/turboquant-m1pro/turboquant_plus/.venv/bin/python
cachedir: .pytest_cache
rootdir: /Users/yashrajpandey/Projects/turboquant-m1pro/turboquant_plus
configfile: pyproject.toml
plugins: cov-7.1.0
collecting ... collected 538 items

tests/test_codebook.py::TestOptimalCentroids::test_1bit_centroids_match_paper PASSED [  0%]
tests/test_codebook.py::TestOptimalCentroids::test_2bit_centroids_match_paper PASSED [  0%]
tests/test_codebook.py::TestOptimalCentroids::test_centroids_sorted PASSED [  0%]
tests/test_codebook.py::TestOptimalCentroids::test_correct_count PASSED  [  0%]
tests/test_codebook.py::TestOptimalCentroids::test_centroids_symmetric PASSED [  0%]
tests/test_codebook.py::TestOptimalCentroids::test_lloyd_converges_3bit PASSED [  1%]
tests/test_codebook.py::TestOptimalCentroids::test_lloyd_converges_4bit PASSED [  1%]
tests/test_codebook.py::TestOptimalCentroids::test_centroids_scale_with_dimension PASSED [  1%]
tests/test_codebook.py::TestGaussianConditionalExpectation::test_positive_half PASSED [  1%]
tests/test_codebook.py::TestGaussianConditionalExpectation::test_symmetric_interval PASSED [  1%]
tests/test_codebook.py::TestGaussianConditionalExpectation::test_full_range PASSED [  2%]
tests/test_codebook.py::TestGaussianConditionalExpectation::test_extreme_tail PASSED [  2%]
tests/test_codebook.py::TestGaussianConditionalExpectation::test_extreme_upper_tail_asymptotic PASSED [  2%]
tests/test_codebook.py::TestGaussianConditionalExpectation::test_extreme_lower_tail_asymptotic PASSED [  2%]
tests/test_codebook.py::TestGaussianConditionalExpectation::test_very_narrow_interval PASSED [  2%]
tests/test_codebook.py::TestGaussianConditionalExpectation::test_extreme_narrow_finite_interval_fallback PASSED [  2%]
tests/test_codebook.py::TestGaussianConditionalExpectation::test_both_infinite_fallback PASSED [  3%]
tests/test_codebook.py::TestGaussianConditionalExpectation::test_scaled_distribution PASSED [  3%]
tests/test_codebook.py::TestNearestCentroidIndices::test_exact_centroids PASSED [  3%]
tests/test_codebook.py::TestNearestCentroidIndices::test_midpoint_goes_right PASSED [  3%]
tests/test_codebook.py::TestNearestCentroidIndices::test_values_outside_range PASSED [  3%]
tests/test_codebook.py::TestNearestCentroidIndices::test_batch_shape_preserved PASSED [  4%]
tests/test_codebook.py::TestNearestCentroidIndices::test_matches_brute_force PASSED [  4%]
tests/test_codebook.py::TestNearestCentroidIndices::test_all_indices_valid PASSED [  4%]
tests/test_distortion.py::TestMSEDistortionBounds::test_polarquant_mse[128-1-0.36] PASSED [  4%]
tests/test_distortion.py::TestMSEDistortionBounds::test_polarquant_mse[128-2-0.117] PASSED [  4%]
tests/test_distortion.py::TestMSEDistortionBounds::test_polarquant_mse[128-3-0.03] PASSED [  5%]
tests/test_distortion.py::TestMSEDistortionBounds::test_polarquant_mse[128-4-0.009] PASSED [  5%]
tests/test_distortion.py::TestMSEDistortionBounds::test_polarquant_mse[256-1-0.36] PASSED [  5%]
tests/test_distortion.py::TestMSEDistortionBounds::test_polarquant_mse[256-2-0.117] PASSED [  5%]
tests/test_distortion.py::TestMSEDistortionBounds::test_polarquant_mse[256-3-0.03] PASSED [  5%]
tests/test_distortion.py::TestMSEDistortionBounds::test_polarquant_mse[256-4-0.009] PASSED [  5%]
tests/test_distortion.py::TestMSEDistortionBounds::test_polarquant_mse[512-1-0.36] PASSED [  6%]
tests/test_distortion.py::TestMSEDistortionBounds::test_polarquant_mse[512-2-0.117] PASSED [  6%]
tests/test_distortion.py::TestMSEDistortionBounds::test_polarquant_mse[512-3-0.03] PASSED [  6%]
tests/test_distortion.py::TestMSEDistortionBounds::test_polarquant_mse[512-4-0.009] PASSED [  6%]
tests/test_distortion.py::TestInnerProductDistortion::test_ip_distortion_single_side[2] PASSED [  6%]
tests/test_distortion.py::TestInnerProductDistortion::test_ip_distortion_single_side[3] PASSED [  7%]
tests/test_distortion.py::TestInnerProductDistortion::test_ip_distortion_single_side[4] PASSED [  7%]
tests/test_distortion.py::TestInnerProductDistortion::test_ip_error_decreases_with_bits[2] PASSED [  7%]
tests/test_distortion.py::TestInnerProductDistortion::test_ip_error_decreases_with_bits[3] PASSED [  7%]
tests/test_distortion.py::TestInnerProductDistortion::test_ip_error_decreases_with_bits[4] PASSED [  7%]
tests/test_distortion.py::TestDistortionScaling::test_mse_decreases_with_bits PASSED [  7%]
tests/test_distortion.py::TestDistortionScaling::test_turboquant_improves_over_polarquant PASSED [  8%]
tests/test_hw_replay.py::TestProfileSerialization::test_to_json_roundtrip PASSED [  8%]
tests/test_hw_replay.py::TestProfileSerialization::test_save_and_load PASSED [  8%]
tests/test_hw_replay.py::TestProfileSerialization::test_model_info_preserved PASSED [  8%]
tests/test_hw_replay.py::TestProfileSerialization::test_ppl_preserved PASSED [  8%]
tests/test_hw_replay.py::TestProfileSerialization::test_load_snapshots_preserved PASSED [  9%]
tests/test_hw_replay.py::TestCurveExtraction::test_decode_curve PASSED   [  9%]
tests/test_hw_replay.py::TestCurveExtraction::test_decode_curve_q8_0 PASSED [  9%]
tests/test_hw_replay.py::TestCurveExtraction::test_prefill_curve PASSED  [  9%]
tests/test_hw_replay.py::TestCurveExtraction::test_ratio_curve_decode PASSED [  9%]
tests/test_hw_replay.py::TestCurveExtraction::test_ratio_curve_prefill PASSED [ 10%]
tests/test_hw_replay.py::TestCurveExtraction::test_empty_curve_for_missing_type PASSED [ 10%]
tests/test_hw_replay.py::TestCurveExtraction::test_inflection_point_m1 PASSED [ 10%]
tests/test_hw_replay.py::TestCurveExtraction::test_inflection_point_m5 PASSED [ 10%]
tests/test_hw_replay.py::TestCurveExtraction::test_unreliable_measurements PASSED [ 10%]
tests/test_hw_replay.py::TestCurveExtraction::test_no_false_unreliable_flags PASSED [ 10%]
tests/test_hw_replay.py::TestComparison::test_compare_detects_hardware_diff PASSED [ 11%]
tests/test_hw_replay.py::TestComparison::test_compare_detects_decode_degradation PASSED [ 11%]
tests/test_hw_replay.py::TestComparison::test_compare_flags_anomalies PASSED [ 11%]
tests/test_hw_replay.py::TestComparison::test_compare_markdown_output PASSED [ 11%]
tests/test_hw_replay.py::TestComparison::test_compare_same_profile_no_anomalies PASSED [ 11%]
tests/test_hw_replay.py::TestComparison::test_ppl_comparison PASSED      [ 12%]
tests/test_hw_replay.py::TestPrediction::test_predict_m1_from_m5 PASSED  [ 12%]
tests/test_hw_replay.py::TestPrediction::test_predict_same_hardware PASSED [ 12%]
tests/test_hw_replay.py::TestPrediction::test_predict_degradation_increases_with_context PASSED [ 12%]
tests/test_hw_replay.py::TestPrediction::test_predict_empty_baseline PASSED [ 12%]
tests/test_hw_replay.py::TestDiagParsing::test_parse_version PASSED      [ 13%]
tests/test_hw_replay.py::TestDiagParsing::test_parse_timestamp PASSED    [ 13%]
tests/test_hw_replay.py::TestDiagParsing::test_parse_hw_platform PASSED  [ 13%]
tests/test_hw_replay.py::TestDiagParsing::test_parse_hw_cpu PASSED       [ 13%]
tests/test_hw_replay.py::TestDiagParsing::test_parse_hw_apple_silicon PASSED [ 13%]
tests/test_hw_replay.py::TestDiagParsing::test_parse_gpu_family PASSED   [ 13%]
tests/test_hw_replay.py::TestDiagParsing::test_parse_gpu_tensor PASSED   [ 14%]
tests/test_hw_replay.py::TestDiagParsing::test_parse_gpu_unified_memory PASSED [ 14%]
tests/test_hw_replay.py::TestDiagParsing::test_parse_gpu_working_set PASSED [ 14%]
tests/test_hw_replay.py::TestDiagParsing::test_parse_model_info PASSED   [ 14%]
tests/test_hw_replay.py::TestDiagParsing::test_parse_build_commit PASSED [ 14%]
tests/test_hw_replay.py::TestDiagParsing::test_parse_bench_results PASSED [ 15%]
tests/test_hw_replay.py::TestDiagParsing::test_parse_ppl_results PASSED  [ 15%]
tests/test_hw_replay.py::TestDiagParsing::test_parse_load_snapshots PASSED [ 15%]
tests/test_hw_replay.py::TestDiagParsing::test_parsed_profile_roundtrips PASSED [ 15%]
tests/test_kv_cache.py::TestKVCacheCompressor::test_round_trip_shape PASSED [ 15%]
tests/test_kv_cache.py::TestKVCacheCompressor::test_round_trip_quality PASSED [ 15%]
tests/test_kv_cache.py::TestKVCacheCompressor::test_attention_score_preservation PASSED [ 16%]
tests/test_kv_cache.py::TestKVCacheCompressor::test_memory_stats PASSED  [ 16%]
tests/test_kv_cache.py::TestKVCacheCompressor::test_metadata_stored PASSED [ 16%]
tests/test_niah.py::TestBuildFiller::test_reaches_target_size PASSED     [ 16%]
tests/test_niah.py::TestBuildFiller::test_diverse_topics PASSED          [ 16%]
tests/test_niah.py::TestBuildFiller::test_not_repetitive_within_24 PASSED [ 17%]
tests/test_niah.py::TestBuildFiller::test_small_target PASSED            [ 17%]
tests/test_niah.py::TestMakeMagicNumber::test_seven_digits PASSED        [ 17%]
tests/test_niah.py::TestMakeMagicNumber::test_range PASSED               [ 17%]
tests/test_niah.py::TestMakeMagicNumber::test_deterministic PASSED       [ 17%]
tests/test_niah.py::TestNeedle::test_sentence_format PASSED              [ 18%]
tests/test_niah.py::TestNeedle::test_custom_key PASSED                   [ 18%]
tests/test_niah.py::TestNeedleGeneration::test_single_mode_needle_depth PASSED [ 18%]
tests/test_niah.py::TestNeedleGeneration::test_multi_key_distractor_positions PASSED [ 18%]
tests/test_niah.py::TestNeedleGeneration::test_multi_value_positions PASSED [ 18%]
tests/test_niah.py::TestDistractors::test_distractor_keys_from_list PASSED [ 18%]
tests/test_niah.py::TestDistractors::test_distractor_values_are_7_digit PASSED [ 19%]
tests/test_niah.py::TestDistractors::test_distractor_key_wraps PASSED    [ 19%]
tests/test_niah.py::TestScoreSingle::test_exact_match PASSED             [ 19%]
tests/test_niah.py::TestScoreSingle::test_code_in_sentence PASSED        [ 19%]
tests/test_niah.py::TestScoreSingle::test_no_match PASSED                [ 19%]
tests/test_niah.py::TestScoreSingle::test_reject_6_digit PASSED          [ 20%]
tests/test_niah.py::TestScoreSingle::test_reject_partial PASSED          [ 20%]
tests/test_niah.py::TestScoreSingle::test_reject_8_digit_containing_7 PASSED [ 20%]
tests/test_niah.py::TestScoreSingle::test_empty_response PASSED          [ 20%]
tests/test_niah.py::TestScoreSingle::test_garbage_response PASSED        [ 20%]
tests/test_niah.py::TestScoreSingle::test_number_with_extra_text PASSED  [ 21%]
tests/test_niah.py::TestScoreSingle::test_repeated_wrong_numbers PASSED  [ 21%]
tests/test_niah.py::TestScoreMultiValue::test_all_found PASSED           [ 21%]
tests/test_niah.py::TestScoreMultiValue::test_partial_found PASSED       [ 21%]
tests/test_niah.py::TestScoreMultiValue::test_none_found PASSED          [ 21%]
tests/test_niah.py::TestScoreMultiValue::test_rejects_6_digit_in_multi PASSED [ 21%]
tests/test_niah.py::TestGenerateHaystackSingle::test_needle_text_present PASSED [ 22%]
tests/test_niah.py::TestGenerateHaystackSingle::test_reaches_target_size PASSED [ 22%]
tests/test_niah.py::TestGenerateHaystackSingle::test_needle_at_start PASSED [ 22%]
tests/test_niah.py::TestGenerateHaystackSingle::test_needle_at_end PASSED [ 22%]
tests/test_niah.py::TestGenerateHaystackMultiKey::test_real_and_distractors_present PASSED [ 22%]
tests/test_niah.py::TestGenerateHaystackMultiValue::test_all_needles_present PASSED [ 23%]
tests/test_niah.py::TestInsertNeedlesIntoParas::test_needle_at_depth_zero PASSED [ 23%]
tests/test_niah.py::TestInsertNeedlesIntoParas::test_needle_at_depth_100 PASSED [ 23%]
tests/test_niah.py::TestInsertNeedlesIntoParas::test_multiple_needles_at_different_depths PASSED [ 23%]
tests/test_niah.py::TestDataClasses::test_config_result_accuracy_pct PASSED [ 23%]
tests/test_niah.py::TestDataClasses::test_config_result_passed_all_true PASSED [ 23%]
tests/test_niah.py::TestDataClasses::test_config_result_passed_one_false PASSED [ 24%]
tests/test_niah.py::TestDataClasses::test_config_result_empty_trials PASSED [ 24%]
tests/test_niah.py::TestDataClasses::test_config_result_all_hits PASSED  [ 24%]
tests/test_niah.py::TestDataClasses::test_trial_result_defaults PASSED   [ 24%]
tests/test_niah.py::TestHeatmapTable::test_basic_heatmap PASSED          [ 24%]
tests/test_niah.py::TestHeatmapTable::test_no_results PASSED             [ 25%]
tests/test_niah.py::TestHeatmapTable::test_err_for_no_trials PASSED      [ 25%]
tests/test_niah.py::TestDeltaTable::test_delta_with_difference PASSED    [ 25%]
tests/test_niah.py::TestDeltaTable::test_delta_empty_when_no_baseline PASSED [ 25%]
tests/test_niah.py::TestMultiKeyTable::test_basic_multi_key_table PASSED [ 25%]
tests/test_niah.py::TestMultiValueTable::test_basic_multi_value_table PASSED [ 26%]
tests/test_niah.py::TestBuildOutput::test_single_mode PASSED             [ 26%]
tests/test_niah.py::TestBuildOutput::test_multi_key_mode PASSED          [ 26%]
tests/test_niah.py::TestBuildOutput::test_multi_value_mode PASSED        [ 26%]
tests/test_niah.py::TestBuildOutput::test_single_mode_with_delta PASSED  [ 26%]
tests/test_niah.py::TestFindFreePort::test_finds_port PASSED             [ 26%]
tests/test_niah.py::TestFindFreePort::test_port_conflict_skips_busy PASSED [ 27%]
tests/test_niah.py::TestFindFreePort::test_all_ports_busy_raises PASSED  [ 27%]
tests/test_niah.py::TestStartServer::test_successful_startup PASSED      [ 27%]
tests/test_niah.py::TestStartServer::test_server_binary_not_found PASSED [ 27%]
tests/test_niah.py::TestStartServer::test_server_exits_prematurely PASSED [ 27%]
tests/test_niah.py::TestStartServer::test_server_health_timeout PASSED   [ 28%]
tests/test_niah.py::TestStartServer::test_health_check_retries_on_url_error PASSED [ 28%]
tests/test_niah.py::TestStopServer::test_graceful_stop PASSED            [ 28%]
tests/test_niah.py::TestStopServer::test_force_kill_on_terminate_failure PASSED [ 28%]
tests/test_niah.py::TestCleanupServer::test_cleanup_terminates PASSED    [ 28%]
tests/test_niah.py::TestCleanupServer::test_cleanup_kills_on_terminate_timeout PASSED [ 28%]
tests/test_niah.py::TestCleanupServer::test_cleanup_noop_when_none PASSED [ 29%]
tests/test_niah.py::TestQueryServer::test_successful_query PASSED        [ 29%]
tests/test_niah.py::TestQueryServer::test_retries_on_network_error PASSED [ 29%]
tests/test_niah.py::TestQueryServer::test_all_retries_exhausted PASSED   [ 29%]
tests/test_niah.py::TestQueryServer::test_garbage_json_response PASSED   [ 29%]
tests/test_niah.py::TestQueryServer::test_response_stripped PASSED       [ 30%]
tests/test_niah.py::TestQueryServer::test_thinking_tags_stripped PASSED  [ 30%]
tests/test_niah.py::TestSaveResults::test_creates_json_and_md PASSED     [ 30%]
tests/test_niah.py::TestSaveResults::test_creates_output_dir PASSED      [ 30%]
tests/test_niah.py::TestSaveResults::test_no_home_dir_in_output PASSED   [ 30%]
tests/test_niah.py::TestParseArgs::test_required_arg PASSED              [ 31%]
tests/test_niah.py::TestParseArgs::test_both_positional_args PASSED      [ 31%]
tests/test_niah.py::TestParseArgs::test_defaults PASSED                  [ 31%]
tests/test_niah.py::TestParseArgs::test_mode_single PASSED               [ 31%]
tests/test_niah.py::TestParseArgs::test_mode_multi_key PASSED            [ 31%]
tests/test_niah.py::TestParseArgs::test_mode_multi_value PASSED          [ 31%]
tests/test_niah.py::TestParseArgs::test_depths_sweep PASSED              [ 32%]
tests/test_niah.py::TestParseArgs::test_num_distractors PASSED           [ 32%]
tests/test_niah.py::TestParseArgs::test_value_counts PASSED              [ 32%]
tests/test_niah.py::TestParseArgs::test_verbose_flag PASSED              [ 32%]
tests/test_niah.py::TestParseArgs::test_all_options PASSED               [ 32%]
tests/test_niah.py::TestParseArgs::test_missing_required_arg PASSED      [ 33%]
tests/test_niah.py::TestSignalHandler::test_signal_handler_calls_cleanup_and_exits PASSED [ 33%]
tests/test_niah.py::TestMain::test_main_single_mode PASSED               [ 33%]
tests/test_niah.py::TestMain::test_main_multi_key_mode PASSED            [ 33%]
tests/test_niah.py::TestMain::test_main_multi_value_mode PASSED          [ 33%]
tests/test_niah.py::TestMain::test_main_missing_model_path PASSED        [ 34%]
tests/test_niah.py::TestMain::test_main_default_output_dir PASSED        [ 34%]
tests/test_niah.py::TestMain::test_main_custom_output_dir PASSED         [ 34%]
tests/test_niah.py::TestStartServerVerbose::test_verbose_prints_cmd PASSED [ 34%]
tests/test_niah.py::TestStartServerVerbose::test_verbose_passes_stdout_stderr PASSED [ 34%]
tests/test_niah.py::TestNoHomeDir::test_filler_no_home_dir PASSED        [ 34%]
tests/test_niah.py::TestNoHomeDir::test_needle_sentence_no_home_dir PASSED [ 35%]
tests/test_niah.py::TestNoHomeDir::test_heatmap_no_home_dir PASSED       [ 35%]
tests/test_outlier.py::TestOutlierQuantizer::test_2_5_bit_effective_rate PASSED [ 35%]
tests/test_outlier.py::TestOutlierQuantizer::test_3_5_bit_effective_rate PASSED [ 35%]
tests/test_outlier.py::TestOutlierQuantizer::test_round_trip_quality PASSED [ 35%]
tests/test_outlier.py::TestOutlierQuantizer::test_compression_ratio_2_5bit PASSED [ 36%]
tests/test_outlier.py::TestOutlierQuantizer::test_compression_ratio_3_5bit PASSED [ 36%]
tests/test_outlier.py::TestOutlierQuantizer::test_outlier_channels_identified PASSED [ 36%]
tests/test_outlier.py::TestOutlierQuantizer::test_batch_matches_single PASSED [ 36%]
tests/test_outlier.py::TestOutlierQuantizer::test_deterministic PASSED   [ 36%]
tests/test_polar_quant.py::TestPolarQuantRoundTrip::test_round_trip_mse_within_bounds[64-1] PASSED [ 36%]
tests/test_polar_quant.py::TestPolarQuantRoundTrip::test_round_trip_mse_within_bounds[64-2] PASSED [ 37%]
tests/test_polar_quant.py::TestPolarQuantRoundTrip::test_round_trip_mse_within_bounds[64-3] PASSED [ 37%]
tests/test_polar_quant.py::TestPolarQuantRoundTrip::test_round_trip_mse_within_bounds[128-1] PASSED [ 37%]
tests/test_polar_quant.py::TestPolarQuantRoundTrip::test_round_trip_mse_within_bounds[128-2] PASSED [ 37%]
tests/test_polar_quant.py::TestPolarQuantRoundTrip::test_round_trip_mse_within_bounds[128-3] PASSED [ 37%]
tests/test_polar_quant.py::TestPolarQuantRoundTrip::test_round_trip_mse_within_bounds[256-1] PASSED [ 38%]
tests/test_polar_quant.py::TestPolarQuantRoundTrip::test_round_trip_mse_within_bounds[256-2] PASSED [ 38%]
tests/test_polar_quant.py::TestPolarQuantRoundTrip::test_round_trip_mse_within_bounds[256-3] PASSED [ 38%]
tests/test_polar_quant.py::TestPolarQuantRoundTrip::test_zero_vector PASSED [ 38%]
tests/test_polar_quant.py::TestPolarQuantRoundTrip::test_non_unit_norm_vectors PASSED [ 38%]
tests/test_polar_quant.py::TestPolarQuantRoundTrip::test_deterministic PASSED [ 39%]
tests/test_polar_quant.py::TestPolarQuantRoundTrip::test_batch_matches_single PASSED [ 39%]
tests/test_polar_quant.py::TestPolarQuantRoundTrip::test_indices_in_range PASSED [ 39%]
tests/test_polar_quant.py::TestPolarQuantResidual::test_residual_identity PASSED [ 39%]
tests/test_qjl.py::TestQJLRoundTrip::test_dequantized_has_correct_scale[64] PASSED [ 39%]
tests/test_qjl.py::TestQJLRoundTrip::test_dequantized_has_correct_scale[128] PASSED [ 39%]
tests/test_qjl.py::TestQJLRoundTrip::test_dequantized_has_correct_scale[256] PASSED [ 40%]
tests/test_qjl.py::TestQJLRoundTrip::test_dequantized_has_correct_scale[512] PASSED [ 40%]
tests/test_qjl.py::TestQJLRoundTrip::test_inner_product_unbiased_single_side PASSED [ 40%]
tests/test_qjl.py::TestQJLRoundTrip::test_signs_are_binary PASSED        [ 40%]
tests/test_qjl.py::TestQJLRoundTrip::test_zero_vector PASSED             [ 40%]
tests/test_qjl.py::TestQJLRoundTrip::test_batch_matches_single PASSED    [ 41%]
tests/test_qjl.py::TestQJLRoundTrip::test_deterministic PASSED           [ 41%]
tests/test_rotation.py::TestDenseRotation::test_orthogonality PASSED     [ 41%]
tests/test_rotation.py::TestDenseRotation::test_transpose_is_inverse PASSED [ 41%]
tests/test_rotation.py::TestDenseRotation::test_determinant_positive_one PASSED [ 41%]
tests/test_rotation.py::TestDenseRotation::test_deterministic_same_seed PASSED [ 42%]
tests/test_rotation.py::TestDenseRotation::test_different_seeds_differ PASSED [ 42%]
tests/test_rotation.py::TestDenseRotation::test_preserves_norms PASSED   [ 42%]
tests/test_rotation.py::TestDenseRotation::test_preserves_inner_products PASSED [ 42%]
tests/test_rotation.py::TestDenseRotation::test_post_rotation_distribution[32] PASSED [ 42%]
tests/test_rotation.py::TestDenseRotation::test_post_rotation_distribution[64] PASSED [ 42%]
tests/test_rotation.py::TestDenseRotation::test_post_rotation_distribution[128] PASSED [ 43%]
tests/test_rotation.py::TestDenseRotation::test_post_rotation_distribution[256] PASSED [ 43%]
tests/test_rotation.py::TestDenseRotation::test_small_dimension PASSED   [ 43%]
tests/test_rotation.py::TestDenseRotation::test_invalid_dimension_raises PASSED [ 43%]
tests/test_rotation.py::TestDenseRotation::test_shape PASSED             [ 43%]
tests/test_rotation.py::TestFastWalshHadamard::test_hadamard_non_pow2_raises PASSED [ 44%]
tests/test_rotation.py::TestFastWalshHadamard::test_fwht_non_pow2_raises PASSED [ 44%]
tests/test_rotation.py::TestFastWalshHadamard::test_hadamard_matrix_matches_scipy PASSED [ 44%]
tests/test_rotation.py::TestFastWalshHadamard::test_matches_scipy_hadamard PASSED [ 44%]
tests/test_rotation.py::TestFastWalshHadamard::test_involutory PASSED    [ 44%]
tests/test_rotation.py::TestFastWalshHadamard::test_preserves_norm PASSED [ 44%]
tests/test_rotation.py::TestFastWalshHadamard::test_various_sizes[2] PASSED [ 45%]
tests/test_rotation.py::TestFastWalshHadamard::test_various_sizes[4] PASSED [ 45%]
tests/test_rotation.py::TestFastWalshHadamard::test_various_sizes[8] PASSED [ 45%]
tests/test_rotation.py::TestFastWalshHadamard::test_various_sizes[16] PASSED [ 45%]
tests/test_rotation.py::TestFastWalshHadamard::test_various_sizes[32] PASSED [ 45%]
tests/test_rotation.py::TestFastWalshHadamard::test_various_sizes[64] PASSED [ 46%]
tests/test_rotation.py::TestFastWalshHadamard::test_various_sizes[128] PASSED [ 46%]
tests/test_rotation.py::TestFastRotation::test_preserves_norms_pow2 PASSED [ 46%]
tests/test_rotation.py::TestFastRotation::test_non_pow2_returns_correct_length PASSED [ 46%]
tests/test_rotation.py::TestFastRotation::test_transpose_inverts PASSED  [ 46%]
tests/test_rotation.py::TestFastRotation::test_deterministic PASSED      [ 47%]
tests/test_rotation.py::TestFastRotation::test_batch_matches_single PASSED [ 47%]
tests/test_turbo_hardware_diag.py::TestArgParse::test_default_args PASSED [ 47%]
tests/test_turbo_hardware_diag.py::TestArgParse::test_skip_ppl_flag PASSED [ 47%]
tests/test_turbo_hardware_diag.py::TestArgParse::test_skip_stress_flag PASSED [ 47%]
tests/test_turbo_hardware_diag.py::TestArgParse::test_model_flag PASSED  [ 47%]
tests/test_turbo_hardware_diag.py::TestArgParse::test_llama_dir_flag PASSED [ 48%]
tests/test_turbo_hardware_diag.py::TestArgParse::test_verbose_flag PASSED [ 48%]
tests/test_turbo_hardware_diag.py::TestArgParse::test_output_dir_flag PASSED [ 48%]
tests/test_turbo_hardware_diag.py::TestArgParse::test_help_exits_0 PASSED [ 48%]
tests/test_turbo_hardware_diag.py::TestDiagLog::test_write_outputs_to_file PASSED [ 48%]
tests/test_turbo_hardware_diag.py::TestDiagLog::test_write_outputs_to_stdout PASSED [ 49%]
tests/test_turbo_hardware_diag.py::TestDiagLog::test_section_format_equals PASSED [ 49%]
tests/test_turbo_hardware_diag.py::TestDiagLog::test_subsection_format PASSED [ 49%]
tests/test_turbo_hardware_diag.py::TestDiagLog::test_file_flushed_on_each_write PASSED [ 49%]
tests/test_turbo_hardware_diag.py::TestDiagLog::test_concurrent_write_safety PASSED [ 49%]
tests/test_turbo_hardware_diag.py::TestDiagLog::test_write_file_only_no_stdout PASSED [ 50%]
tests/test_turbo_hardware_diag.py::TestBackgroundMonitor::test_starts_and_stops_cleanly PASSED [ 50%]
tests/test_turbo_hardware_diag.py::TestBackgroundMonitor::test_csv_header_correct PASSED [ 50%]
tests/test_turbo_hardware_diag.py::TestBackgroundMonitor::test_produces_samples PASSED [ 50%]
tests/test_turbo_hardware_diag.py::TestBackgroundMonitor::test_darwin_mem_pressure PASSED [ 50%]
tests/test_turbo_hardware_diag.py::TestBackgroundMonitor::test_darwin_cpu_speed_limit PASSED [ 50%]
tests/test_turbo_hardware_diag.py::TestBackgroundMonitor::test_linux_mem_pct PASSED [ 51%]
tests/test_turbo_hardware_diag.py::TestBackgroundMonitor::test_graceful_na_when_probes_fail PASSED [ 51%]
tests/test_turbo_hardware_diag.py::TestPlatformDetection::test_darwin_detection PASSED [ 51%]
tests/test_turbo_hardware_diag.py::TestPlatformDetection::test_linux_detection PASSED [ 51%]
tests/test_turbo_hardware_diag.py::TestPlatformDetection::test_collect_hw_darwin PASSED [ 51%]
tests/test_turbo_hardware_diag.py::TestPlatformDetection::test_collect_hw_linux PASSED [ 52%]
tests/test_turbo_hardware_diag.py::TestPlatformDetection::test_gpu_detection_macos PASSED [ 52%]
tests/test_turbo_hardware_diag.py::TestPlatformDetection::test_gpu_detection_linux_nvidia PASSED [ 52%]
tests/test_turbo_hardware_diag.py::TestPlatformDetection::test_amd_rocm_detection PASSED [ 52%]
tests/test_turbo_hardware_diag.py::TestPlatformDetection::test_graceful_failure_unsupported_platform PASSED [ 52%]
tests/test_turbo_hardware_diag.py::TestBenchRunner::test_run_bench_emits_bench_start_end PASSED [ 52%]
tests/test_turbo_hardware_diag.py::TestBenchRunner::test_run_bench_passes_through_table_rows PASSED [ 53%]
tests/test_turbo_hardware_diag.py::TestBenchRunner::test_run_bench_env_vars_for_mode2 PASSED [ 53%]
tests/test_turbo_hardware_diag.py::TestBenchRunner::test_run_perpl_emits_ppl_start_end PASSED [ 53%]
tests/test_turbo_hardware_diag.py::TestBenchRunner::test_subprocess_timeout_handled PASSED [ 53%]
tests/test_turbo_hardware_diag.py::TestBenchRunner::test_subprocess_crash_emits_failed_continues PASSED [ 53%]
tests/test_turbo_hardware_diag.py::TestBenchRunner::test_correct_argument_construction PASSED [ 54%]
tests/test_turbo_hardware_diag.py::TestBenchRunner::test_run_bench_wall_seconds_positive PASSED [ 54%]
tests/test_turbo_hardware_diag.py::TestAnomalyDetector::test_decode_ratio_drop_flagged PASSED [ 54%]
tests/test_turbo_hardware_diag.py::TestAnomalyDetector::test_thermal_throttling_flagged PASSED [ 54%]
tests/test_turbo_hardware_diag.py::TestAnomalyDetector::test_swap_growth_flagged PASSED [ 54%]
tests/test_turbo_hardware_diag.py::TestAnomalyDetector::test_normal_results_not_flagged PASSED [ 55%]
tests/test_turbo_hardware_diag.py::TestAnomalyDetector::test_ppl_quality_regression_flagged PASSED [ 55%]
tests/test_turbo_hardware_diag.py::TestAnomalyDetector::test_multiple_anomalies_accumulated PASSED [ 55%]
tests/test_turbo_hardware_diag.py::TestAnomalyDetector::test_turbo3_faster_than_q8_flags_investigate PASSED [ 55%]
tests/test_turbo_hardware_diag.py::TestAnomalyDetector::test_excellent_decode_ratio_flags_notable PASSED [ 55%]
tests/test_turbo_hardware_diag.py::TestAnomalyDetector::test_below_half_ratio_flags_investigate PASSED [ 55%]
tests/test_turbo_hardware_diag.py::TestAnomalyDetector::test_decode_improving_at_depth_flags_investigate PASSED [ 56%]
tests/test_turbo_hardware_diag.py::TestAnomalyDetector::test_ppl_better_than_q8_flags_investigate PASSED [ 56%]
tests/test_turbo_hardware_diag.py::TestAnomalyDetector::test_ppl_near_match_flags_notable PASSED [ 56%]
tests/test_turbo_hardware_diag.py::TestAnomalyDetector::test_prefill_much_faster_flags_investigate PASSED [ 56%]
tests/test_turbo_hardware_diag.py::TestAnomalyDetector::test_prefill_slightly_faster_flags_notable PASSED [ 56%]
tests/test_turbo_hardware_diag.py::TestAnomalyDetector::test_prefill_too_slow_flags_investigate PASSED [ 57%]
tests/test_turbo_hardware_diag.py::TestAnomalyDetector::test_clean_results_no_flags PASSED [ 57%]
tests/test_turbo_hardware_diag.py::TestLiveDisplay::test_ascii_fallback_when_rich_not_available PASSED [ 57%]
tests/test_turbo_hardware_diag.py::TestLiveDisplay::test_bar_chart_generation PASSED [ 57%]
tests/test_turbo_hardware_diag.py::TestLiveDisplay::test_colored_ratio_formatting SKIPPED [ 57%]
tests/test_turbo_hardware_diag.py::TestLiveDisplay::test_display_updates_on_new_results PASSED [ 57%]
tests/test_turbo_hardware_diag.py::TestSections::test_section_1_hardware_inventory PASSED [ 58%]
tests/test_turbo_hardware_diag.py::TestSections::test_section_2_system_load PASSED [ 58%]
tests/test_turbo_hardware_diag.py::TestSections::test_section_3_model_info PASSED [ 58%]
tests/test_turbo_hardware_diag.py::TestSections::test_section_4_gpu_capabilities PASSED [ 58%]
tests/test_turbo_hardware_diag.py::TestSections::test_section_5_build_validation PASSED [ 58%]
tests/test_turbo_hardware_diag.py::TestSections::test_section_6_prefill PASSED [ 59%]
tests/test_turbo_hardware_diag.py::TestSections::test_section_7_decode PASSED [ 59%]
tests/test_turbo_hardware_diag.py::TestSections::test_section_10_ppl_skips_when_wiki_missing PASSED [ 59%]
tests/test_turbo_hardware_diag.py::TestSections::test_section_10_ppl_skip_flag PASSED [ 59%]
tests/test_turbo_hardware_diag.py::TestSections::test_section_8_stress_loops_all_depths PASSED [ 59%]
tests/test_turbo_hardware_diag.py::TestSections::test_section_12_post_load PASSED [ 60%]
tests/test_turbo_hardware_diag.py::TestSections::test_section_13_summary PASSED [ 60%]
tests/test_turbo_hardware_diag.py::TestTagCompatibility::test_parse_diag_output_succeeds PASSED [ 60%]
tests/test_turbo_hardware_diag.py::TestTagCompatibility::test_system_fields_populated PASSED [ 60%]
tests/test_turbo_hardware_diag.py::TestTagCompatibility::test_gpu_fields_populated PASSED [ 60%]
tests/test_turbo_hardware_diag.py::TestTagCompatibility::test_model_fields_populated PASSED [ 60%]
tests/test_turbo_hardware_diag.py::TestTagCompatibility::test_benchmarks_populated PASSED [ 61%]
tests/test_turbo_hardware_diag.py::TestTagCompatibility::test_ppl_populated PASSED [ 61%]
tests/test_turbo_hardware_diag.py::TestTagCompatibility::test_load_snapshots_populated PASSED [ 61%]
tests/test_turbo_hardware_diag.py::TestTagCompatibility::test_json_roundtrip PASSED [ 61%]
tests/test_turbo_hardware_diag.py::TestJSONProfile::test_has_all_required_keys PASSED [ 61%]
tests/test_turbo_hardware_diag.py::TestJSONProfile::test_system_gpu_has_all_fields PASSED [ 62%]
tests/test_turbo_hardware_diag.py::TestJSONProfile::test_benchmarks_entries_complete PASSED [ 62%]
tests/test_turbo_hardware_diag.py::TestJSONProfile::test_valid_json PASSED [ 62%]
tests/test_turbo_hardware_diag.py::TestJSONProfile::test_model_size_bytes_populated PASSED [ 62%]
tests/test_turbo_hardware_diag.py::TestPackaging::test_zip_created_with_all_files PASSED [ 62%]
tests/test_turbo_hardware_diag.py::TestPackaging::test_zip_is_valid PASSED [ 63%]
tests/test_turbo_hardware_diag.py::TestPackaging::test_missing_csv_doesnt_crash PASSED [ 63%]
tests/test_turbo_hardware_diag.py::TestPackaging::test_filenames_follow_pattern PASSED [ 63%]
tests/test_turbo_hardware_diag.py::TestPackaging::test_hwprofile_json_inside_zip PASSED [ 63%]
tests/test_turbo_hardware_diag.py::TestGracefulDegradation::test_missing_nvidia_smi_warning PASSED [ 63%]
tests/test_turbo_hardware_diag.py::TestGracefulDegradation::test_missing_system_profiler_warning PASSED [ 63%]
tests/test_turbo_hardware_diag.py::TestGracefulDegradation::test_sysctl_failure_warning_defaults PASSED [ 64%]
tests/test_turbo_hardware_diag.py::TestGracefulDegradation::test_subprocess_timeout_produces_timeout_tag PASSED [ 64%]
tests/test_turbo_hardware_diag.py::TestGracefulDegradation::test_permission_denied_warning PASSED [ 64%]
tests/test_turbo_hardware_diag.py::TestGracefulDegradation::test_empty_model_error_not_traceback PASSED [ 64%]
tests/test_turbo_hardware_diag.py::TestGracefulDegradation::test_all_probes_fail_still_completes PASSED [ 64%]
tests/test_turbo_hardware_diag.py::TestGracefulDegradation::test_partial_data_still_packaged PASSED [ 65%]
tests/test_turbo_hardware_diag.py::TestNoPII::test_no_username_in_tags PASSED [ 65%]
tests/test_turbo_hardware_diag.py::TestNoPII::test_no_home_dir_in_tags PASSED [ 65%]
tests/test_turbo_hardware_diag.py::TestNoPII::test_no_email_addresses PASSED [ 65%]
tests/test_turbo_hardware_diag.py::TestParsingHelpers::test_parse_bench_tps_decode PASSED [ 65%]
tests/test_turbo_hardware_diag.py::TestParsingHelpers::test_parse_bench_tps_with_depth PASSED [ 65%]
tests/test_turbo_hardware_diag.py::TestParsingHelpers::test_parse_bench_tps_prefill PASSED [ 66%]
tests/test_turbo_hardware_diag.py::TestParsingHelpers::test_parse_ppl_final PASSED [ 66%]
tests/test_turbo_hardware_diag.py::TestParsingHelpers::test_parse_ppl_final_not_found PASSED [ 66%]
tests/test_turbo_hardware_diag.py::TestParsingHelpers::test_parse_env_string PASSED [ 66%]
tests/test_turbo_hardware_diag.py::TestParsingHelpers::test_parse_env_string_empty PASSED [ 66%]
tests/test_turbo_hardware_diag.py::TestParsingHelpers::test_parse_bench_tps_combined PASSED [ 67%]
tests/test_turbo_hardware_diag.py::TestParsingHelpers::test_parse_bench_tps_no_stddev PASSED [ 67%]
tests/test_turbo_hardware_diag.py::TestParsingHelpers::test_parse_bench_tps_short_line_skipped PASSED [ 67%]
tests/test_turbo_hardware_diag.py::TestParsingHelpers::test_parse_bench_tps_no_test_col PASSED [ 67%]
tests/test_turbo_hardware_diag.py::TestParsingHelpers::test_safe_int_garbage PASSED [ 67%]
tests/test_turbo_hardware_diag.py::TestDetectStorageType::test_darwin_ssd_from_diskutil PASSED [ 68%]
tests/test_turbo_hardware_diag.py::TestDetectStorageType::test_darwin_apple_silicon_implies_ssd PASSED [ 68%]
tests/test_turbo_hardware_diag.py::TestDetectStorageType::test_darwin_unknown_cpu PASSED [ 68%]
tests/test_turbo_hardware_diag.py::TestDetectStorageType::test_linux_nvme_is_ssd PASSED [ 68%]
tests/test_turbo_hardware_diag.py::TestDetectStorageType::test_linux_ssd_from_rotational PASSED [ 68%]
tests/test_turbo_hardware_diag.py::TestDetectStorageType::test_linux_hdd_from_rotational PASSED [ 68%]
tests/test_turbo_hardware_diag.py::TestDetectStorageType::test_linux_df_failure_returns_unknown PASSED [ 69%]
tests/test_turbo_hardware_diag.py::TestDetectStorageType::test_exception_returns_unknown PASSED [ 69%]
tests/test_turbo_hardware_diag.py::TestDetectStorageType::test_unsupported_platform_returns_unknown PASSED [ 69%]
tests/test_turbo_hardware_diag.py::TestFindModel::test_finds_model_in_models_dir PASSED [ 69%]
tests/test_turbo_hardware_diag.py::TestFindModel::test_finds_model_in_parent_models_dir PASSED [ 69%]
tests/test_turbo_hardware_diag.py::TestFindModel::test_returns_none_when_no_model PASSED [ 70%]
tests/test_turbo_hardware_diag.py::TestFindModel::test_checks_home_local_llms PASSED [ 70%]
tests/test_turbo_hardware_diag.py::TestDiagLogExtended::test_verbose_enabled PASSED [ 70%]
tests/test_turbo_hardware_diag.py::TestDiagLogExtended::test_verbose_disabled PASSED [ 70%]
tests/test_turbo_hardware_diag.py::TestDiagLogExtended::test_warning_format PASSED [ 70%]
tests/test_turbo_hardware_diag.py::TestDiagLogExtended::test_anomaly_format PASSED [ 71%]
tests/test_turbo_hardware_diag.py::TestDiagLogExtended::test_notable_format PASSED [ 71%]
tests/test_turbo_hardware_diag.py::TestDiagLogExtended::test_investigate_format PASSED [ 71%]
tests/test_turbo_hardware_diag.py::TestDiagLogExtended::test_path_property PASSED [ 71%]
tests/test_turbo_hardware_diag.py::TestBackgroundMonitorExtended::test_macos_swap_mb PASSED [ 71%]
tests/test_turbo_hardware_diag.py::TestBackgroundMonitorExtended::test_macos_swap_mb_exception PASSED [ 71%]
tests/test_turbo_hardware_diag.py::TestBackgroundMonitorExtended::test_macos_mem_pressure_exception PASSED [ 72%]
tests/test_turbo_hardware_diag.py::TestBackgroundMonitorExtended::test_macos_mem_pressure_zero_total PASSED [ 72%]
tests/test_turbo_hardware_diag.py::TestBackgroundMonitorExtended::test_macos_cpu_speed_limit_exception PASSED [ 72%]
tests/test_turbo_hardware_diag.py::TestBackgroundMonitorExtended::test_macos_cpu_speed_limit_no_match PASSED [ 72%]
tests/test_turbo_hardware_diag.py::TestBackgroundMonitorExtended::test_linux_swap_mb PASSED [ 72%]
tests/test_turbo_hardware_diag.py::TestBackgroundMonitorExtended::test_linux_swap_mb_exception PASSED [ 73%]
tests/test_turbo_hardware_diag.py::TestBackgroundMonitorExtended::test_linux_mem_pct_exception PASSED [ 73%]
tests/test_turbo_hardware_diag.py::TestBackgroundMonitorExtended::test_linux_mem_pct_no_mem_line PASSED [ 73%]
tests/test_turbo_hardware_diag.py::TestBackgroundMonitorExtended::test_linux_swap_mb_no_swap_line PASSED [ 73%]
tests/test_turbo_hardware_diag.py::TestBackgroundMonitorExtended::test_nvidia_query_success PASSED [ 73%]
tests/test_turbo_hardware_diag.py::TestBackgroundMonitorExtended::test_poll_darwin PASSED [ 73%]
tests/test_turbo_hardware_diag.py::TestBackgroundMonitorExtended::test_poll_linux PASSED [ 74%]
tests/test_turbo_hardware_diag.py::TestBackgroundMonitorExtended::test_poll_loadavg_failure PASSED [ 74%]
tests/test_turbo_hardware_diag.py::TestBackgroundMonitorExtended::test_run_error_path PASSED [ 74%]
tests/test_turbo_hardware_diag.py::TestLiveDisplayExtended::test_start_stop_no_rich PASSED [ 74%]
tests/test_turbo_hardware_diag.py::TestLiveDisplayExtended::test_show_section_summary_no_ratios PASSED [ 74%]
tests/test_turbo_hardware_diag.py::TestLiveDisplayExtended::test_show_section_summary_with_rich_returns_early SKIPPED [ 75%]
tests/test_turbo_hardware_diag.py::TestLiveDisplayExtended::test_show_stress_summary_empty PASSED [ 75%]
tests/test_turbo_hardware_diag.py::TestLiveDisplayExtended::test_show_stress_summary_ascii PASSED [ 75%]
tests/test_turbo_hardware_diag.py::TestLiveDisplayExtended::test_show_stress_summary_rich SKIPPED [ 75%]
tests/test_turbo_hardware_diag.py::TestLiveDisplayExtended::test_build_rich_table_all_ratio_bands SKIPPED [ 75%]
tests/test_turbo_hardware_diag.py::TestLiveDisplayExtended::test_build_rich_table_missing_counterpart SKIPPED [ 76%]
tests/test_turbo_hardware_diag.py::TestLiveDisplayExtended::test_recompute_ratios_q8_zero PASSED [ 76%]
tests/test_turbo_hardware_diag.py::TestLiveDisplayExtended::test_refresh_no_rich PASSED [ 76%]
tests/test_turbo_hardware_diag.py::TestLiveDisplayExtended::test_refresh_with_rich_live SKIPPED [ 76%]
tests/test_turbo_hardware_diag.py::TestLiveDisplayExtended::test_depth_label_short_for_zero PASSED [ 76%]
tests/test_turbo_hardware_diag.py::TestAnomalyDetectorExtended::test_check_q8_baseline_low PASSED [ 76%]
tests/test_turbo_hardware_diag.py::TestAnomalyDetectorExtended::test_check_q8_baseline_ok PASSED [ 77%]
tests/test_turbo_hardware_diag.py::TestAnomalyDetectorExtended::test_check_q8_baseline_zero PASSED [ 77%]
tests/test_turbo_hardware_diag.py::TestAnomalyDetectorExtended::test_check_thermal_no_samples PASSED [ 77%]
tests/test_turbo_hardware_diag.py::TestAnomalyDetectorExtended::test_check_thermal_invalid_value PASSED [ 77%]
tests/test_turbo_hardware_diag.py::TestAnomalyDetectorExtended::test_check_swap_growth_no_samples PASSED [ 77%]
tests/test_turbo_hardware_diag.py::TestAnomalyDetectorExtended::test_check_swap_growth_invalid_value PASSED [ 78%]
tests/test_turbo_hardware_diag.py::TestAnomalyDetectorExtended::test_check_ppl_no_baseline PASSED [ 78%]
tests/test_turbo_hardware_diag.py::TestAnomalyDetectorExtended::test_check_ppl_expected_range PASSED [ 78%]
tests/test_turbo_hardware_diag.py::TestAnomalyDetectorExtended::test_check_prefill_ratio_normal PASSED [ 78%]
tests/test_turbo_hardware_diag.py::TestCaptureLoad::test_capture_load_darwin PASSED [ 78%]
tests/test_turbo_hardware_diag.py::TestCaptureLoad::test_capture_load_linux PASSED [ 78%]
tests/test_turbo_hardware_diag.py::TestCaptureLoad::test_capture_load_macos_full PASSED [ 79%]
tests/test_turbo_hardware_diag.py::TestCaptureLoad::test_capture_load_macos_no_gpu_ioreg PASSED [ 79%]
tests/test_turbo_hardware_diag.py::TestCaptureLoad::test_capture_load_linux_full PASSED [ 79%]
tests/test_turbo_hardware_diag.py::TestCaptureLoad::test_capture_load_linux_with_nvidia PASSED [ 79%]
tests/test_turbo_hardware_diag.py::TestSectionsExtended::test_section_3_model_info_exception PASSED [ 79%]
tests/test_turbo_hardware_diag.py::TestSectionsExtended::test_section_3_model_info_ssd_detection PASSED [ 80%]
tests/test_turbo_hardware_diag.py::TestSectionsExtended::test_section_4_gpu_linux PASSED [ 80%]
tests/test_turbo_hardware_diag.py::TestSectionsExtended::test_section_4_gpu_linux_no_nvidia PASSED [ 80%]
tests/test_turbo_hardware_diag.py::TestSectionsExtended::test_section_4_darwin_no_tensor PASSED [ 80%]
tests/test_turbo_hardware_diag.py::TestSectionsExtended::test_section_4_exception PASSED [ 80%]
tests/test_turbo_hardware_diag.py::TestSectionsExtended::test_section_5_turbo3_failure PASSED [ 81%]
tests/test_turbo_hardware_diag.py::TestSectionsExtended::test_section_5_metal_lib_exception PASSED [ 81%]
tests/test_turbo_hardware_diag.py::TestSectionsExtended::test_section_5_no_git_repo PASSED [ 81%]
tests/test_turbo_hardware_diag.py::TestSectionsExtended::test_section_9_combined PASSED [ 81%]
tests/test_turbo_hardware_diag.py::TestSectionsExtended::test_section_10_with_wiki PASSED [ 81%]
tests/test_turbo_hardware_diag.py::TestSectionsExtended::test_section_11_memory PASSED [ 81%]
tests/test_turbo_hardware_diag.py::TestSectionsExtended::test_section_11_memory_exception PASSED [ 82%]
tests/test_turbo_hardware_diag.py::TestSectionsExtended::test_section_12_post_load_linux PASSED [ 82%]
tests/test_turbo_hardware_diag.py::TestSectionsExtended::test_section_12_post_load_darwin_throttled PASSED [ 82%]
tests/test_turbo_hardware_diag.py::TestSectionsExtended::test_section_13_with_all_flags PASSED [ 82%]
tests/test_turbo_hardware_diag.py::TestSectionsExtended::test_section_2_linux_gpu_procs PASSED [ 82%]
tests/test_turbo_hardware_diag.py::TestSectionsExtended::test_section_2_gpu_procs_darwin_found PASSED [ 83%]
tests/test_turbo_hardware_diag.py::TestBuildJsonProfileExtended::test_model_size_exception PASSED [ 83%]
tests/test_turbo_hardware_diag.py::TestPackageResultsExtended::test_json_write_failure PASSED [ 83%]
tests/test_turbo_hardware_diag.py::TestPackageResultsExtended::test_zip_creation_failure PASSED [ 83%]
tests/test_turbo_hardware_diag.py::TestMainFunction::test_main_model_not_found PASSED [ 83%]
tests/test_turbo_hardware_diag.py::TestMainFunction::test_main_tools_not_found PASSED [ 84%]
tests/test_turbo_hardware_diag.py::TestMainFunction::test_main_full_run PASSED [ 84%]
tests/test_turbo_hardware_diag.py::TestMainFunction::test_main_exception_in_sections PASSED [ 84%]
tests/test_turbo_hardware_diag.py::TestMainFunction::test_main_auto_find_model PASSED [ 84%]
tests/test_turbo_hardware_diag.py::TestMainFunction::test_main_model_size_large PASSED [ 84%]
tests/test_turbo_hardware_diag.py::TestMainFunction::test_main_model_size_mb PASSED [ 84%]
tests/test_turbo_hardware_diag.py::TestMainFunction::test_main_model_size_small PASSED [ 85%]
tests/test_turbo_hardware_diag.py::TestMainFunction::test_main_model_size_exception PASSED [ 85%]
tests/test_turbo_hardware_diag.py::TestRunCmd::test_run_cmd_exception_returns_empty PASSED [ 85%]
tests/test_turbo_hardware_diag.py::TestRunCmd::test_run_cmd_success PASSED [ 85%]
tests/test_turbo_hardware_diag.py::TestRunCmd::test_run_cmd_shell PASSED [ 85%]
tests/test_turbo_hardware_diag.py::TestSubprocessRunner::test_subprocess_with_env_extra PASSED [ 86%]
tests/test_turbo_hardware_diag.py::TestSubprocessRunner::test_run_bench_rc_minus1_no_failed PASSED [ 86%]
tests/test_turbo_hardware_diag.py::TestSubprocessRunner::test_run_perpl_failure PASSED [ 86%]
tests/test_turbo_hardware_diag.py::TestLinuxHardwareDetection::test_linux_cache_hierarchy PASSED [ 86%]
tests/test_turbo_hardware_diag.py::TestLinuxHardwareDetection::test_linux_thermal_and_power PASSED [ 86%]
tests/test_turbo_hardware_diag.py::TestExceptPaths::test_detect_macos_hw_exceptions PASSED [ 86%]
tests/test_turbo_hardware_diag.py::TestExceptPaths::test_detect_linux_hw_all_exceptions PASSED [ 87%]
tests/test_turbo_hardware_diag.py::TestExceptPaths::test_capture_load_exception_paths PASSED [ 87%]
tests/test_turbo_hardware_diag.py::TestExceptPaths::test_capture_load_macos_vm_stat_empty PASSED [ 87%]
tests/test_turbo_hardware_diag.py::TestExceptPaths::test_capture_load_macos_all_exceptions PASSED [ 87%]
tests/test_turbo_hardware_diag.py::TestExceptPaths::test_capture_load_linux_all_exceptions PASSED [ 87%]
tests/test_turbo_hardware_diag.py::TestExceptPaths::test_subprocess_kill_failure PASSED [ 88%]
tests/test_turbo_hardware_diag.py::TestExceptPaths::test_section_3_storage_detection_exception PASSED [ 88%]
tests/test_turbo_hardware_diag.py::TestExceptPaths::test_section_5_turbo3_exception PASSED [ 88%]
tests/test_turbo_hardware_diag.py::TestExceptPaths::test_section_2_disk_io_with_iostat PASSED [ 88%]
tests/test_turbo_hardware_diag.py::TestExceptPaths::test_section_2_ps_exception PASSED [ 88%]
tests/test_turbo_hardware_diag.py::TestExceptPaths::test_main_initial_swap_exception PASSED [ 89%]
tests/test_turbo_hardware_diag.py::TestExceptPaths::test_main_no_skip_stress PASSED [ 89%]
tests/test_turbo_hardware_diag.py::TestExceptPaths::test_main_verbose PASSED [ 89%]
tests/test_turbo_hardware_diag.py::TestExceptPaths::test_section_5_metal_lib_found_lines PASSED [ 89%]
tests/test_turbo_hardware_diag.py::TestExceptPaths::test_section_8_with_actual_results PASSED [ 89%]
tests/test_turbo_hardware_diag.py::TestExceptPaths::test_package_results_zip_creation_error PASSED [ 89%]
tests/test_turbo_hardware_diag.py::TestExceptPaths::test_package_results_cleanup_exception PASSED [ 90%]
tests/test_turbo_hardware_diag.py::TestExceptPaths::test_section_12_linux_no_thermal PASSED [ 90%]
tests/test_turbo_hardware_diag.py::TestExceptPaths::test_section_12_darwin_no_throttle PASSED [ 90%]
tests/test_turbo_hardware_diag.py::TestCoverageGapClosers::test_apple_silicon_detection_exception PASSED [ 90%]
tests/test_turbo_hardware_diag.py::TestCoverageGapClosers::test_linux_kernel_version_exception PASSED [ 90%]
tests/test_turbo_hardware_diag.py::TestCoverageGapClosers::test_linux_gpu_detection_exception PASSED [ 91%]
tests/test_turbo_hardware_diag.py::TestCoverageGapClosers::test_linux_cache_hierarchy_exception PASSED [ 91%]
tests/test_turbo_hardware_diag.py::TestCoverageGapClosers::test_linux_thermal_zone_exception PASSED [ 91%]
tests/test_turbo_hardware_diag.py::TestCoverageGapClosers::test_linux_power_supply_exception PASSED [ 91%]
tests/test_turbo_hardware_diag.py::TestCoverageGapClosers::test_capture_load_linux_nvidia_smi_exception PASSED [ 91%]
tests/test_turbo_hardware_diag.py::TestCoverageGapClosers::test_capture_load_linux_cpu_temp_exception PASSED [ 92%]
tests/test_turbo_hardware_diag.py::TestCoverageGapClosers::test_parse_bench_tps_skips_non_pipe_lines PASSED [ 92%]
tests/test_turbo_hardware_diag.py::TestCoverageGapClosers::test_section_2_load_top_writing PASSED [ 92%]
tests/test_turbo_hardware_diag.py::TestCoverageGapClosers::test_section_2_iostat_exception PASSED [ 92%]
tests/test_turbo_hardware_diag.py::TestCoverageGapClosers::test_section_2_linux_nvidia_smi_procs_exception PASSED [ 92%]
tests/test_turbo_hardware_diag.py::TestCoverageGapClosers::test_section_2_linux_nvidia_smi_procs_none_detected PASSED [ 92%]
tests/test_turbo_hardware_diag.py::TestCoverageGapClosers::test_section_4_cuda_nvidia_smi_exception PASSED [ 93%]
tests/test_turbo_hardware_diag.py::TestCoverageGapClosers::test_section_5_git_repo_exception PASSED [ 93%]
tests/test_turbo_hardware_diag.py::TestCoverageGapClosers::test_section_12_darwin_thermal_exception PASSED [ 93%]
tests/test_turbo_hardware_diag.py::TestCoverageGapClosers::test_section_12_linux_thermal_exception PASSED [ 93%]
tests/test_turbo_hardware_diag.py::TestCoverageGapClosers::test_main_model_file_not_found PASSED [ 93%]
tests/test_turbo_hardware_diag.py::TestCoverageGapClosers::test_main_initial_swap_read_failure PASSED [ 94%]
tests/test_turbo_hardware_diag.py::TestCoverageGapClosers::test_main_monitor_summary_write_failure PASSED [ 94%]
tests/test_turboquant.py::TestTurboQuantRoundTrip::test_mse_within_paper_bounds[64-2] PASSED [ 94%]
tests/test_turboquant.py::TestTurboQuantRoundTrip::test_mse_within_paper_bounds[64-3] PASSED [ 94%]
tests/test_turboquant.py::TestTurboQuantRoundTrip::test_mse_within_paper_bounds[64-4] PASSED [ 94%]
tests/test_turboquant.py::TestTurboQuantRoundTrip::test_mse_within_paper_bounds[128-2] PASSED [ 94%]
tests/test_turboquant.py::TestTurboQuantRoundTrip::test_mse_within_paper_bounds[128-3] PASSED [ 95%]
tests/test_turboquant.py::TestTurboQuantRoundTrip::test_mse_within_paper_bounds[128-4] PASSED [ 95%]
tests/test_turboquant.py::TestTurboQuantRoundTrip::test_mse_within_paper_bounds[256-2] PASSED [ 95%]
tests/test_turboquant.py::TestTurboQuantRoundTrip::test_mse_within_paper_bounds[256-3] PASSED [ 95%]
tests/test_turboquant.py::TestTurboQuantRoundTrip::test_mse_within_paper_bounds[256-4] PASSED [ 95%]
tests/test_turboquant.py::TestTurboQuantRoundTrip::test_inner_product_preservation[2] PASSED [ 96%]
tests/test_turboquant.py::TestTurboQuantRoundTrip::test_inner_product_preservation[3] PASSED [ 96%]
tests/test_turboquant.py::TestTurboQuantRoundTrip::test_inner_product_preservation[4] PASSED [ 96%]
tests/test_turboquant.py::TestTurboQuantRoundTrip::test_bit_width_1_raises PASSED [ 96%]
tests/test_turboquant.py::TestTurboQuantRoundTrip::test_zero_vector PASSED [ 96%]
tests/test_turboquant.py::TestTurboQuantRoundTrip::test_deterministic PASSED [ 97%]
tests/test_turboquant.py::TestTurboQuantRoundTrip::test_batch_quantization PASSED [ 97%]
tests/test_turboquant.py::TestTurboQuantMSE::test_round_trip PASSED      [ 97%]
tests/test_turboquant.py::TestCompressedSizeBits::test_size_calculation PASSED [ 97%]
tests/test_turboquant.py::TestCompressedSizeBits::test_size_scales_with_vectors PASSED [ 97%]
tests/test_turboquant.py::TestCompressionRatio::test_3bit_compression PASSED [ 97%]
tests/test_turboquant.py::TestCompressionRatio::test_4bit_compression PASSED [ 98%]
tests/test_utils.py::TestBitPacking::test_pack_unpack_round_trip PASSED  [ 98%]
tests/test_utils.py::TestBitPacking::test_pack_unpack_non_multiple_of_8 PASSED [ 98%]
tests/test_utils.py::TestBitPacking::test_pack_correct_size PASSED       [ 98%]
tests/test_utils.py::TestBitPacking::test_batch_pack_unpack PASSED       [ 98%]
tests/test_utils.py::TestBitPacking::test_pack_indices_round_trip_2bit PASSED [ 99%]
tests/test_utils.py::TestBitPacking::test_pack_indices_invalid_bit_width PASSED [ 99%]
tests/test_utils.py::TestBitPacking::test_pack_indices_8bit PASSED       [ 99%]
tests/test_utils.py::TestMemoryFootprint::test_compression_ratio_3bit PASSED [ 99%]
tests/test_utils.py::TestMemoryFootprint::test_compression_ratio_4bit PASSED [ 99%]
tests/test_utils.py::TestMemoryFootprint::test_components_add_up PASSED  [100%]

======================= 532 passed, 6 skipped in 13.34s ========================
